
> lexinote@0.1.0 build
> next build

   ▲ Next.js 15.1.0
   - Environments: .env.local

   Creating an optimized production build ...
 ✓ Compiled successfully
   Linting and checking validity of types ...
   Collecting page data ...
   Generating static pages (0/20) ...
   Generating static pages (5/20) 
   Generating static pages (10/20) 
   Generating static pages (15/20) 
 ✓ Generating static pages (20/20)
   Finalizing page optimization ...
   Collecting build traces ...

Route (app)                              Size     First Load JS
┌ ○ /                                    175 B           109 kB
├ ○ /_not-found                          978 B           106 kB
├ ƒ /api/ai/enrich                       165 B           106 kB
├ ƒ /api/capture                         165 B           106 kB
├ ƒ /api/dashboard                       165 B           106 kB
├ ƒ /api/decks                           165 B           106 kB
├ ƒ /api/decks/[id]                      165 B           106 kB
├ ƒ /api/profile                         165 B           106 kB
├ ƒ /api/profile/ensure                  165 B           106 kB
├ ƒ /api/reviews                         165 B           106 kB
├ ƒ /api/study/due                       165 B           106 kB
├ ƒ /api/words                           165 B           106 kB
├ ƒ /api/words/[id]                      165 B           106 kB
├ ƒ /api/words/[id]/enrich               165 B           106 kB
├ ○ /auth                                2.7 kB          169 kB
├ ƒ /auth/callback                       165 B           106 kB
├ ○ /capture-bridge                      1.55 kB         111 kB
├ ○ /dashboard                           7.36 kB         182 kB
├ ○ /preview                             175 B           109 kB
├ ○ /study                               7.49 kB         182 kB
└ ○ /words                               10.9 kB         185 kB
+ First Load JS shared by all            105 kB
  ├ chunks/4bd1b696-a2c4937013f96328.js  52.9 kB
  ├ chunks/898-9c515427cee3d652.js       50.5 kB
  └ other shared chunks (total)          1.98 kB


ƒ Middleware                             79.4 kB

○  (Static)   prerendered as static content
ƒ  (Dynamic)  server-rendered on demand


> lexinote@0.1.0 start
> next start --hostname 127.0.0.1 --port 3001

 ⨯ Failed to start server
Error: listen EADDRINUSE: address already in use 127.0.0.1:3001
    at <unknown> (Error: listen EADDRINUSE: address already in use 127.0.0.1:3001) {
  code: 'EADDRINUSE',
  errno: -4091,
  syscall: 'listen',
  address: '127.0.0.1',
  port: 3001
}
